P:\775-UM\247-LEW\07-TechDoc\TK Tekeningen\LIO\220215 260S\014.dwg,Model,11/02/02 07:21:15,LUVAAC,Xerox_E&I_NT4.pc3,A4,1:1.42197,
P:\775-UM\247-LEW\07-TechDoc\TK Tekeningen\LIO\220215 260S\FQIC26000.dwg,Model,11/02/02 14:02:20,LUVAAC,Xerox_E&I_NT4.pc3,A4,1:1.42197,
P:\775-UM\247-LEW\07-TechDoc\TK Tekeningen\PLC BORDEN\A4219526 +10S\002-1-3.dwg,Model,15/02/02 12:29:16,LUVAAC,Xerox_E&I_NT4.pc3,A4,1:1.42197,
P:\775-UM\247-LEW\07-TechDoc\TK Tekeningen\PLC BORDEN\A4219526 +10S\003-1-3.dwg,Model,15/02/02 12:52:32,LUVAAC,Xerox_E&I_NT4.pc3,A4,1:1.42197,
P:\775-UM\247-LEW\07-TechDoc\TK Tekeningen\PLC BORDEN\A4219526 +10S\004-1-3.dwg,Model,15/02/02 12:57:57,LUVAAC,Xerox_E&I_NT4.pc3,A4,1:1.42197,
P:\775-UM\247-LEW\07-TechDoc\TK Tekeningen\PLC BORDEN\A4219526 +10S\005-1-3.dwg,Model,15/02/02 13:04:20,LUVAAC,Xerox_E&I_NT4.pc3,A4,1:1.42197,
P:\775-UM\247-LEW\07-TechDoc\TK Tekeningen\PLC BORDEN\A4219526 +10S\006-1-3.dwg,Model,15/02/02 13:11:28,LUVAAC,Xerox_E&I_NT4.pc3,A4,1:1.42197,
P:\775-UM\247-LEW\07-TechDoc\TK Tekeningen\LIO\220215 260S\001.dwg,Model,18/02/02 15:17:32,LUVAAC,Xerox_E&I_NT4.pc3,A4,1:1.42197,
P:\775-UM\247-LEW\07-TechDoc\TK Tekeningen\LIO\219950 200S\I-O RACK.dwg,Model,25/02/02 08:34:10,LUVAAC,Xerox_E&I_NT4.pc3,A4,1:1.42116,
P:\775-UM\247-LEW\07-TechDoc\TK Tekeningen\LIO\220234 212S\I-O RACK.dwg,Model,26/02/02 15:49:37,LUVAAC,Xerox_E&I_NT4.pc3,A4,1:1.42151,
P:\775-UM\247-LEW\07-TechDoc\TK Tekeningen\LIO\220234 212S\I-O RACK.dwg,Model,26/02/02 15:59:04,LUVAAC,Xerox_E&I_NT4.pc3,A4,1:1.42151,
P:\775-UM\247-LEW\07-TechDoc\TK Tekeningen\LIO\219956 101S\UYSV11706-7.dwg,Model,13/03/02 06:33:44,LUVAAC,Xerox_E&I_NT4.pc3,A4,1:1.42197,
P:\775-UM\247-LEW\07-TechDoc\TK Tekeningen\LIO\219960 350S\350S-10.dwg,Model,02/04/02 15:48:28,LUVAAC,Xerox_E&I_NT4.pc3,A4,1:1.42197,
P:\775-UM\247-LEW\07-TechDoc\TK Tekeningen\LIO\219960 350S\350S-10.dwg,Model,02/04/02 15:59:54,LUVAAC,Xerox_E&I_NT4.pc3,A4,1:1.42197,
P:\775-UM\TEKENING DOSSIERS\BENEDENFABRIEK\S2000\208092 401S\401S-6.DWG,Model,08/04/02 15:49:40,LUVAAC,Xerox_E&I_NT4.pc3,A4,1:1.41862,
P:\775-UM\TEKENING DOSSIERS\BENEDENFABRIEK\S2000\208092 401S\Y454-1-2.dwg,Model,09/04/02 08:27:32,LUVAAC,Xerox_E&I_NT4.pc3,A4,1:1.41862,
P:\775-UM\TEKENING DOSSIERS\BENEDENFABRIEK\S2000\208092 401S\401S-14.DWG,Model,09/04/02 08:41:40,LUVAAC,Xerox_E&I_NT4.pc3,A4,1:37.1541,
P:\775-UM\TEKENING DOSSIERS\BENEDENFABRIEK\S2000\208092 401S\401S-14.DWG,Model,09/04/02 08:41:55,LUVAAC,Xerox_E&I_NT4.pc3,A4,1:1.43112,
P:\775-UM\TEKENING DOSSIERS\BENEDENFABRIEK\S2000\208092 401S\401S-16.DWG,Model,09/04/02 08:48:25,LUVAAC,Xerox_E&I_NT4.pc3,A4,1:1.43112,
P:\775-UM\TEKENING DOSSIERS\BENEDENFABRIEK\S2000\208092 401S\401S-14.DWG,Model,09/04/02 08:50:03,LUVAAC,Xerox_E&I_NT4.pc3,A4,1:1.43112,
P:\775-UM\TEKENING DOSSIERS\BENEDENFABRIEK\S2000\208092 401S\401S-20.DWG,Model,09/04/02 09:11:51,LUVAAC,Xerox_E&I_NT4.pc3,A4,1:1.42878,
P:\775-UM\TEKENING DOSSIERS\BENEDENFABRIEK\S2000\208092 401S\401S-21.DWG,Model,09/04/02 09:16:07,LUVAAC,Xerox_E&I_NT4.pc3,A4,1:1.50928,
P:\775-UM\TEKENING DOSSIERS\BENEDENFABRIEK\S2000\208092 401S\401S-22.DWG,Model,09/04/02 09:19:17,LUVAAC,Xerox_E&I_NT4.pc3,A4,1:1.42878,
P:\775-UM\TEKENING DOSSIERS\BENEDENFABRIEK\S2000\208092 401S\401S-23.DWG,Model,09/04/02 09:20:51,LUVAAC,Xerox_E&I_NT4.pc3,A4,1:1.42878,
P:\775-UM\247-LEW\07-TechDoc\TK Tekeningen\LIO\219950 200S\YB21500.dwg,Model,12/04/02 08:28:41,LUVAAC,Xerox_E&I_NT4.pc3,A4,1:1.42197,
P:\775-UM\247-LEW\07-TechDoc\TK Tekeningen\LIO\219950 200S\YB21000.dwg,Model,12/04/02 08:28:59,LUVAAC,Xerox_E&I_NT4.pc3,A4,1:1.42197,
P:\775-UM\247-LEW\07-TechDoc\TK Tekeningen\LIO\219951 201S\201S-10.dwg,Model,12/04/02 10:34:07,LUVAAC,Xerox_E&I_NT4.pc3,A4,1:1.42197,
P:\775-UM\247-LEW\07-TechDoc\TK Tekeningen\LIO\219966 356S\QIA142320.dwg,Model,24/04/02 08:49:31,LUVAAC,Xerox_E&I_NT4.pc3,A4,1:1.42197,
P:\775-UM\TEKENING DOSSIERS\BENEDENFABRIEK\S2000\221059 F452\F452-2-3.dwg,Model,24/04/02 10:14:54,LUVAAC,Xerox_E&I_NT4.pc3,A4,1:1.42199,
P:\775-UM\TEKENING DOSSIERS\BENEDENFABRIEK\S2000\221059 F452\KASTLAYOUT_F452.dwg,Model,24/04/02 10:29:09,LUVAAC,Xerox_E&I_NT4.pc3,A4,1:1.42035,
P:\775-UM\247-LEW\07-TechDoc\TK Tekeningen\LMC\219454 H10110\H10110-2-3.dwg,Model,18/06/02 15:27:45,LUVAAC,Xerox_E&I_NT4.pc3,A4,1:1.42199,
P:\775-UM\247-LEW\07-TechDoc\TK Tekeningen\LMC\219425 H10120\H10120-1-2.dwg,Model,19/06/02 07:43:18,LUVAAC,Xerox_E&I_NT4.pc3,A4,1:1.42197,
P:\775-UM\247-LEW\07-TechDoc\TK Tekeningen\LMC\219427 H10155\H10155-1-2.dwg,Model,19/06/02 08:02:10,LUVAAC,Xerox_E&I_NT4.pc3,A4,1:1.42197,
P:\775-UM\247-LEW\07-TechDoc\TK Tekeningen\LMC\219456 H10750\H10750-1-2.dwg,Model,19/06/02 08:29:47,LUVAAC,Xerox_E&I_NT4.pc3,A4,1:1.42197,
P:\775-UM\247-LEW\07-TechDoc\TK Tekeningen\LMC\219458 H10850\H10850-1-2.dwg,Model,19/06/02 08:42:51,LUVAAC,Xerox_E&I_NT4.pc3,A4,1:1.42197,
P:\775-UM\247-LEW\07-TechDoc\TK Tekeningen\LMC\219437 H11710\H11710-1-2.dwg,Model,19/06/02 09:23:19,LUVAAC,Xerox_E&I_NT4.pc3,A4,1:1.42197,
P:\775-UM\247-LEW\07-TechDoc\TK Tekeningen\LMC\219429 H10340\H10340-1-2.dwg,Model,19/06/02 10:58:21,LUVAAC,Xerox_E&I_NT4.pc3,A4,1:1.42197,
P:\775-UM\247-LEW\07-TechDoc\TK Tekeningen\LMC\219430 H10350\H10350-1-2.dwg,Model,19/06/02 11:06:07,LUVAAC,Xerox_E&I_NT4.pc3,A4,1:1.42197,
P:\775-UM\247-LEW\07-TechDoc\TK Tekeningen\LMC\219433 V10710\V10710-1-2.dwg,Model,19/06/02 12:28:03,LUVAAC,Xerox_E&I_NT4.pc3,A3,1:1.47338,
P:\775-UM\247-LEW\07-TechDoc\TK Tekeningen\LMC\219433 V10710\V10710-1-2.dwg,Model,19/06/02 12:30:24,LUVAAC,Xerox_E&I_NT4.pc3,A3,1:1.47338,
P:\775-UM\247-LEW\07-TechDoc\TK Tekeningen\LMC\219433 V10710\V10710-1-2.dwg,Model,19/06/02 12:31:35,LUVAAC,Xerox_E&I_NT4.pc3,A3,1:1.47338,
P:\775-UM\247-LEW\07-TechDoc\TK Tekeningen\LIO\219955 100S\LSAHH10020.dwg,Model,30/07/02 14:10:03,LUVAAC,Xerox_E&I_NT4.pc3,A4,1:1.42197,
P:\775-UM\799-HB6749 Koelwater kontakt\EI-TechDoc\TK Tekeningen\222403 AB GROEP 1000\KW1003_1.dwg,Model,13/02/2009 16:02:44,luvaac,E&I.pc3,A4,1:1.38606,
P:\775-UM\788-Demo Plato fase 3\EI-TechDoc\TK Tekeningen\LMC\237348 Trilgoot 02-174-B+H13010\H13010-3.dwg,Model,25/01/2010 14:29:57,luvaac,E&I.pc3,A4,1:1.38992,
